Spravochnick/app/manifest-merger-release-report.txt
-- Merging decision tree log ---
manifest
ADDED from AndroidManifest.xml:2:1
	package
		ADDED from AndroidManifest.xml:3:5
		INJECTED from AndroidManifest.xml:0:0
		INJECTED from AndroidManifest.xml:0:0
	android:versionName
		INJECTED from AndroidManifest.xml:0:0
		INJECTED from AndroidManifest.xml:0:0
	xmlns:android
		ADDED from AndroidManifest.xml:2:11
	android:versionCode
		INJECTED from AndroidManifest.xml:0:0
		INJECTED from AndroidManifest.xml:0:0
application
ADDED from AndroidManifest.xml:10:5
MERGED from com.android.support:appcompat-v7:21.0.3:16:5
MERGED from com.android.support:support-v4:21.0.3:16:5
MERGED from com.google.android.gms:play-services-wearable:6.5.87:19:5
MERGED from com.google.android.gms:play-services-base:6.5.87:20:5
MERGED from com.android.support:support-v4:21.0.3:16:5
	android:label
		ADDED from AndroidManifest.xml:13:9
	android:allowBackup
		ADDED from AndroidManifest.xml:11:9
	android:icon
		ADDED from AndroidManifest.xml:12:9
	android:theme
		ADDED from AndroidManifest.xml:14:9
service#com.example.spravochnick.spravochnick.HyperlinkDisplayableService
ADDED from AndroidManifest.xml:16:9
	android:exported
		ADDED from AndroidManifest.xml:16:99
	android:name
		ADDED from AndroidManifest.xml:16:18
service#com.example.spravochnick.spravochnick.ExtraParamsResolver
ADDED from AndroidManifest.xml:17:9
	android:name
		ADDED from AndroidManifest.xml:17:18
activity#com.example.spravochnick.spravochnick.SearchService
ADDED from AndroidManifest.xml:18:9
	android:exported
		ADDED from AndroidManifest.xml:18:86
	android:theme
		ADDED from AndroidManifest.xml:18:110
	android:name
		ADDED from AndroidManifest.xml:18:19
activity#com.example.spravochnick.spravochnick.GeneralService
ADDED from AndroidManifest.xml:19:9
	android:exported
		ADDED from AndroidManifest.xml:19:87
	android:theme
		ADDED from AndroidManifest.xml:19:111
	android:name
		ADDED from AndroidManifest.xml:19:19
activity#com.example.spravochnick.spravochnick.ExtraHelper
ADDED from AndroidManifest.xml:20:9
	android:exported
		ADDED from AndroidManifest.xml:20:84
	android:theme
		ADDED from AndroidManifest.xml:20:108
	android:name
		ADDED from AndroidManifest.xml:20:19
receiver#com.example.spravochnick.spravochnick.DataHelper
ADDED from AndroidManifest.xml:21:9
	android:name
		ADDED from AndroidManifest.xml:21:19
intent-filter#android.net.conn.CONNECTIVITY_CHANGE
ADDED from AndroidManifest.xml:22:13
action#android.net.conn.CONNECTIVITY_CHANGE
ADDED from AndroidManifest.xml:23:17
	android:name
		ADDED from AndroidManifest.xml:23:25
activity#com.google.android.gms.ads.AdActivity
ADDED from AndroidManifest.xml:27:9
	android:configChanges
		ADDED from AndroidManifest.xml:27:72
	android:theme
		ADDED from AndroidManifest.xml:27:182
	android:name
		ADDED from AndroidManifest.xml:27:19
activity#com.mopub.mobileads.MoPubActivity
ADDED from AndroidManifest.xml:28:9
	android:configChanges
		ADDED from AndroidManifest.xml:28:127
	android:theme
		ADDED from AndroidManifest.xml:28:68
	android:name
		ADDED from AndroidManifest.xml:28:19
activity#com.mopub.mobileads.MraidActivity
ADDED from AndroidManifest.xml:29:9
	android:configChanges
		ADDED from AndroidManifest.xml:29:127
	android:theme
		ADDED from AndroidManifest.xml:29:68
	android:name
		ADDED from AndroidManifest.xml:29:19
activity#com.mopub.common.MoPubBrowser
ADDED from AndroidManifest.xml:30:9
	android:configChanges
		ADDED from AndroidManifest.xml:30:123
	android:theme
		ADDED from AndroidManifest.xml:30:64
	android:name
		ADDED from AndroidManifest.xml:30:19
activity#com.mopub.mobileads.MraidVideoPlayerActivity
ADDED from AndroidManifest.xml:31:9
	android:configChanges
		ADDED from AndroidManifest.xml:31:138
	android:theme
		ADDED from AndroidManifest.xml:31:79
	android:name
		ADDED from AndroidManifest.xml:31:19
activity#com.millennialmedia.android.MMActivity
ADDED from AndroidManifest.xml:32:9
	android:configChanges
		ADDED from AndroidManifest.xml:32:133
	android:theme
		ADDED from AndroidManifest.xml:32:73
	android:name
		ADDED from AndroidManifest.xml:32:19
activity#com.millennialmedia.android.VideoPlayer
ADDED from AndroidManifest.xml:33:9
	android:configChanges
		ADDED from AndroidManifest.xml:33:133
	android:theme
		ADDED from AndroidManifest.xml:33:74
	android:name
		ADDED from AndroidManifest.xml:33:19
meta-data#com.google.android.gms.version
ADDED from AndroidManifest.xml:35:9
MERGED from com.google.android.gms:play-services-base:6.5.87:21:9
	android:value
		ADDED from AndroidManifest.xml:36:13
	android:name
		ADDED from AndroidManifest.xml:35:20
activity#com.example.spravochnick.spravochnick.Splash
ADDED from AndroidManifest.xml:41:9
	android:name
		ADDED from AndroidManifest.xml:42:9
intent-filter#android.intent.action.MAIN+android.intent.category.LAUNCHER
ADDED from AndroidManifest.xml:44:9
action#android.intent.action.MAIN
ADDED from AndroidManifest.xml:45:13
	android:name
		ADDED from AndroidManifest.xml:45:21
category#android.intent.category.LAUNCHER
ADDED from AndroidManifest.xml:46:13
	android:name
		ADDED from AndroidManifest.xml:46:23
activity#com.example.spravochnick.spravochnick.MainActivity
ADDED from AndroidManifest.xml:52:5
	android:label
		ADDED from AndroidManifest.xml:54:9
	android:name
		ADDED from AndroidManifest.xml:53:9
activity#com.example.spravochnick.spravochnick.DetailActivity
ADDED from AndroidManifest.xml:61:5
	android:label
		ADDED from AndroidManifest.xml:63:9
	android:parentActivityName
		ADDED from AndroidManifest.xml:64:9
	android:name
		ADDED from AndroidManifest.xml:62:9
meta-data#android.support.PARENT_ACTIVITY
ADDED from AndroidManifest.xml:65:9
	android:value
		ADDED from AndroidManifest.xml:67:13
	android:name
		ADDED from AndroidManifest.xml:66:13
uses-permission#android.permission.INTERNET
ADDED from AndroidManifest.xml:73:5
	android:name
		ADDED from AndroidManifest.xml:73:22
uses-permission#android.permission.READ_PHONE_STATE
ADDED from AndroidManifest.xml:74:5
	android:name
		ADDED from AndroidManifest.xml:74:22
uses-permission#android.permission.ACCESS_COARSE_LOCATION
ADDED from AndroidManifest.xml:75:5
	android:name
		ADDED from AndroidManifest.xml:75:22
uses-permission#android.permission.SYSTEM_ALERT_WINDOW
ADDED from AndroidManifest.xml:76:5
	android:name
		ADDED from AndroidManifest.xml:76:22
uses-permission#android.permission.ACCESS_NETWORK_STATE
ADDED from AndroidManifest.xml:77:5
	android:name
		ADDED from AndroidManifest.xml:77:22
uses-permission#android.permission.WRITE_EXTERNAL_STORAGE
ADDED from AndroidManifest.xml:78:5
	android:name
		ADDED from AndroidManifest.xml:78:22
uses-sdk
INJECTED from AndroidManifest.xml:0:0 reason: use-sdk injection requested
MERGED from com.android.support:appcompat-v7:21.0.3:15:5
MERGED from com.android.support:support-v4:21.0.3:15:5
MERGED from com.google.android.gms:play-services-wearable:6.5.87:18:5
MERGED from com.google.android.gms:play-services-base:6.5.87:18:5
MERGED from com.android.support:support-v4:21.0.3:15:5
	android:targetSdkVersion
		INJECTED from AndroidManifest.xml:0:0
		INJECTED from AndroidManifest.xml:0:0
	android:minSdkVersion
		INJECTED from AndroidManifest.xml:0:0
		INJECTED from AndroidManifest.xml:0:0